{"/Users/shakhman/Documents/web/pets/form-builder/src/App.vue": {"path":"/Users/shakhman/Documents/web/pets/form-builder/src/App.vue","statementMap":{"0":{"start":{"line":71,"column":0},"end":{"line":71,"column":null}},"1":{"start":{"line":72,"column":0},"end":{"line":72,"column":null}},"2":{"start":{"line":73,"column":0},"end":{"line":73,"column":null}}},"fnMap":{},"branchMap":{},"s":{"0":0,"1":0,"2":0},"f":{},"b":{}}
,"/Users/shakhman/Documents/web/pets/form-builder/src/components/HelloWorld.vue": {"path":"/Users/shakhman/Documents/web/pets/form-builder/src/components/HelloWorld.vue","statementMap":{"0":{"start":{"line":95,"column":0},"end":{"line":95,"column":null}}},"fnMap":{},"branchMap":{},"s":{"0":0},"f":{},"b":{}}
,"/Users/shakhman/Documents/web/pets/form-builder/src/components/Base/BaseInput.vue": {"path":"/Users/shakhman/Documents/web/pets/form-builder/src/components/Base/BaseInput.vue","statementMap":{"0":{"start":{"line":6,"column":0},"end":{"line":6,"column":null}},"1":{"start":{"line":9,"column":0},"end":{"line":9,"column":null}},"2":{"start":{"line":11,"column":0},"end":{"line":11,"column":null}}},"fnMap":{},"branchMap":{},"s":{"0":0,"1":0,"2":0},"f":{},"b":{}}
,"/Users/shakhman/Documents/web/pets/form-builder/src/components/FormBuilder/index.ts": {"path":"/Users/shakhman/Documents/web/pets/form-builder/src/components/FormBuilder/index.ts","statementMap":{"0":{"start":{"line":1,"column":0},"end":{"line":1,"column":null}},"1":{"start":{"line":2,"column":0},"end":{"line":2,"column":null}},"2":{"start":{"line":4,"column":32},"end":{"line":4,"column":41}},"3":{"start":{"line":4,"column":42},"end":{"line":4,"column":null}},"4":{"start":{"line":5,"column":33},"end":{"line":5,"column":43}},"5":{"start":{"line":5,"column":44},"end":{"line":5,"column":null}}},"fnMap":{},"branchMap":{},"s":{"0":0,"1":0,"2":0,"3":0,"4":0,"5":0},"f":{},"b":{}}
,"/Users/shakhman/Documents/web/pets/form-builder/src/components/FormBuilder/components/MultiFormBuilder/MultiFormBuilder.vue": {"path":"/Users/shakhman/Documents/web/pets/form-builder/src/components/FormBuilder/components/MultiFormBuilder/MultiFormBuilder.vue","statementMap":{"0":{"start":{"line":38,"column":0},"end":{"line":38,"column":null}},"1":{"start":{"line":41,"column":0},"end":{"line":41,"column":null}},"2":{"start":{"line":43,"column":0},"end":{"line":43,"column":null}},"3":{"start":{"line":44,"column":0},"end":{"line":44,"column":null}},"4":{"start":{"line":68,"column":0},"end":{"line":68,"column":null}},"5":{"start":{"line":70,"column":0},"end":{"line":70,"column":null}},"6":{"start":{"line":72,"column":0},"end":{"line":72,"column":null}},"7":{"start":{"line":154,"column":0},"end":{"line":154,"column":null}},"8":{"start":{"line":163,"column":0},"end":{"line":163,"column":null}}},"fnMap":{},"branchMap":{},"s":{"0":0,"1":0,"2":0,"3":0,"4":0,"5":0,"6":0,"7":0,"8":0},"f":{},"b":{}}
,"/Users/shakhman/Documents/web/pets/form-builder/src/components/FormBuilder/shared/mixins/sharedCommonProps.ts": {"path":"/Users/shakhman/Documents/web/pets/form-builder/src/components/FormBuilder/shared/mixins/sharedCommonProps.ts","statementMap":{"0":{"start":{"line":1,"column":0},"end":{"line":1,"column":null}},"1":{"start":{"line":5,"column":20},"end":{"line":5,"column":28}},"2":{"start":{"line":16,"column":0},"end":{"line":22,"column":null}},"3":{"start":{"line":16,"column":50},"end":{"line":16,"column":null}},"4":{"start":{"line":16,"column":50},"end":{"line":21,"column":null}},"5":{"start":{"line":21,"column":32},"end":{"line":21,"column":43}},"6":{"start":{"line":17,"column":27},"end":{"line":17,"column":null}},"7":{"start":{"line":19,"column":40},"end":{"line":19,"column":null}},"8":{"start":{"line":19,"column":25},"end":{"line":19,"column":36}},"9":{"start":{"line":16,"column":21},"end":{"line":22,"column":null}},"10":{"start":{"line":11,"column":4},"end":{"line":13,"column":null}},"11":{"start":{"line":16,"column":21},"end":{"line":16,"column":38}},"12":{"start":{"line":16,"column":38},"end":{"line":16,"column":39}}},"fnMap":{"0":{"name":"(anonymous_1)","decl":{"start":{"line":16,"column":50},"end":{"line":16,"column":null}},"loc":{"start":{"line":16,"column":50},"end":{"line":21,"column":null}}},"1":{"name":"(anonymous_2)","decl":{"start":{"line":21,"column":26},"end":{"line":21,"column":32}},"loc":{"start":{"line":21,"column":32},"end":{"line":21,"column":43}}},"2":{"name":"(anonymous_3)","decl":{"start":{"line":19,"column":19},"end":{"line":19,"column":25}},"loc":{"start":{"line":19,"column":25},"end":{"line":19,"column":36}}},"3":{"name":"(anonymous_4)","decl":{"start":{"line":10,"column":2},"end":{"line":10,"column":6}},"loc":{"start":{"line":10,"column":6},"end":{"line":14,"column":null}}}},"branchMap":{},"s":{"0":0,"1":0,"2":0,"3":0,"4":0,"5":0,"6":0,"7":0,"8":0,"9":0,"10":0,"11":0,"12":0},"f":{"0":0,"1":0,"2":0,"3":0},"b":{}}
,"/Users/shakhman/Documents/web/pets/form-builder/src/plugins/vuetify.ts": {"path":"/Users/shakhman/Documents/web/pets/form-builder/src/plugins/vuetify.ts","statementMap":{"0":{"start":{"line":1,"column":0},"end":{"line":1,"column":null}},"1":{"start":{"line":2,"column":0},"end":{"line":2,"column":null}},"2":{"start":{"line":4,"column":0},"end":{"line":4,"column":17}},"3":{"start":{"line":6,"column":15},"end":{"line":7,"column":2}},"4":{"start":{"line":7,"column":2},"end":{"line":7,"column":null}}},"fnMap":{},"branchMap":{},"s":{"0":0,"1":0,"2":0,"3":0,"4":0},"f":{},"b":{}}
,"/Users/shakhman/Documents/web/pets/form-builder/src/store/index.ts": {"path":"/Users/shakhman/Documents/web/pets/form-builder/src/store/index.ts","statementMap":{"0":{"start":{"line":1,"column":0},"end":{"line":1,"column":null}},"1":{"start":{"line":2,"column":0},"end":{"line":2,"column":null}},"2":{"start":{"line":4,"column":0},"end":{"line":4,"column":14}},"3":{"start":{"line":6,"column":15},"end":{"line":17,"column":2}},"4":{"start":{"line":17,"column":2},"end":{"line":17,"column":null}}},"fnMap":{},"branchMap":{},"s":{"0":0,"1":0,"2":0,"3":0,"4":0},"f":{},"b":{}}
}
