TN:
SF:src/App.vue
FNF:0
FNH:0
DA:71,0
DA:72,0
DA:73,0
LF:3
LH:0
BRF:0
BRH:0
end_of_record
TN:
SF:src/components/HelloWorld.vue
FNF:0
FNH:0
DA:95,0
LF:1
LH:0
BRF:0
BRH:0
end_of_record
TN:
SF:src/components/Base/BaseInput.vue
FNF:0
FNH:0
DA:6,0
DA:9,0
DA:11,0
LF:3
LH:0
BRF:0
BRH:0
end_of_record
TN:
SF:src/components/FormBuilder/index.ts
FNF:0
FNH:0
DA:1,0
DA:2,0
DA:4,0
DA:5,0
LF:4
LH:0
BRF:0
BRH:0
end_of_record
TN:
SF:src/components/FormBuilder/components/MultiFormBuilder/MultiFormBuilder.vue
FNF:0
FNH:0
DA:38,0
DA:41,0
DA:43,0
DA:44,0
DA:68,0
DA:70,0
DA:72,0
DA:154,0
DA:163,0
LF:9
LH:0
BRF:0
BRH:0
end_of_record
TN:
SF:src/components/FormBuilder/shared/mixins/sharedCommonProps.ts
FN:16,(anonymous_1)
FN:21,(anonymous_2)
FN:19,(anonymous_3)
FN:10,(anonymous_4)
FNF:4
FNH:0
FNDA:0,(anonymous_1)
FNDA:0,(anonymous_2)
FNDA:0,(anonymous_3)
FNDA:0,(anonymous_4)
DA:1,0
DA:5,0
DA:11,0
DA:16,0
DA:17,0
DA:19,0
DA:21,0
LF:7
LH:0
BRF:0
BRH:0
end_of_record
TN:
SF:src/plugins/vuetify.ts
FNF:0
FNH:0
DA:1,0
DA:2,0
DA:4,0
DA:6,0
DA:7,0
LF:5
LH:0
BRF:0
BRH:0
end_of_record
TN:
SF:src/store/index.ts
FNF:0
FNH:0
DA:1,0
DA:2,0
DA:4,0
DA:6,0
DA:17,0
LF:5
LH:0
BRF:0
BRH:0
end_of_record
